{"ip":"::1","level":"info","message":"Incoming request","method":"GET","service":"violette-backend","timestamp":"2025-06-07T23:53:17.299Z","url":"/health","userAgent":"node"}
{"duration":"1835ms","level":"info","message":"Request completed","method":"GET","responseSize":106,"service":"violette-backend","statusCode":200,"timestamp":"2025-06-07T23:53:19.134Z","url":"/health"}
{"ip":"::1","level":"info","message":"Incoming request","method":"GET","service":"violette-backend","timestamp":"2025-06-07T23:53:19.146Z","url":"/api/blockchain/network-status","userAgent":"node"}
{"duration":"3ms","level":"error","message":"Request completed with error","method":"GET","requestId":"54b2d170-c772-482f-b4f5-b5a9b06aed32","responseSize":100,"service":"violette-backend","statusCode":401,"timestamp":"2025-06-07T23:53:19.149Z","url":"/network-status"}
{"ip":"::1","level":"info","message":"Incoming request","method":"POST","service":"violette-backend","timestamp":"2025-06-07T23:53:19.159Z","url":"/api/blockchain/create-merkle-tree","userAgent":"node"}
{"duration":"0ms","level":"error","message":"Request completed with error","method":"POST","requestId":"2c2e3e30-95e2-4eac-8b37-575a7fc31e52","responseSize":100,"service":"violette-backend","statusCode":401,"timestamp":"2025-06-07T23:53:19.159Z","url":"/create-merkle-tree"}
{"ip":"::1","level":"info","message":"Incoming request","method":"GET","service":"violette-backend","timestamp":"2025-06-07T23:53:38.305Z","url":"/api/blockchain/network-status","userAgent":"curl/8.7.1"}
{"duration":"1ms","level":"error","message":"Request completed with error","method":"GET","requestId":"aebddbac-e850-42b1-bff6-f4f0a035b0f7","responseSize":118,"service":"violette-backend","statusCode":401,"timestamp":"2025-06-07T23:53:38.306Z","url":"/network-status"}
{"ip":"::1","level":"info","message":"Incoming request","method":"GET","service":"violette-backend","timestamp":"2025-06-08T00:00:16.693Z","url":"/health","userAgent":"curl/8.7.1"}
{"duration":"1981ms","level":"info","message":"Request completed","method":"GET","responseSize":106,"service":"violette-backend","statusCode":200,"timestamp":"2025-06-08T00:00:18.674Z","url":"/health"}
{"ip":"::1","level":"info","message":"Incoming request","method":"GET","service":"violette-backend","timestamp":"2025-06-08T00:00:46.707Z","url":"/health","userAgent":"node"}
{"duration":"264ms","level":"info","message":"Request completed","method":"GET","responseSize":106,"service":"violette-backend","statusCode":200,"timestamp":"2025-06-08T00:00:46.971Z","url":"/health"}
{"ip":"::1","level":"info","message":"Incoming request","method":"POST","service":"violette-backend","timestamp":"2025-06-08T00:00:52.872Z","url":"/api/auth/anonymous","userAgent":"node"}
{"duration":"68ms","level":"info","message":"Request completed","method":"POST","responseSize":533,"service":"violette-backend","statusCode":201,"timestamp":"2025-06-08T00:00:52.940Z","url":"/anonymous"}
{"ip":"::1","level":"info","message":"Incoming request","method":"POST","service":"violette-backend","timestamp":"2025-06-08T00:00:52.943Z","url":"/api/blockchain/create-merkle-tree","userAgent":"node"}
{"duration":"68ms","level":"error","message":"Request completed with error","method":"POST","requestId":"c0b74f8b-c402-423b-8e78-160d9298e983","responseSize":160,"service":"violette-backend","statusCode":500,"timestamp":"2025-06-08T00:00:53.011Z","url":"/api/blockchain/create-merkle-tree","userId":"anon_de0dc413-64b5-44da-bcec-b7dbfb7ca758"}
{"ip":"::1","level":"info","message":"Incoming request","method":"GET","service":"violette-backend","timestamp":"2025-06-08T00:00:53.013Z","url":"/api/blockchain/network-status","userAgent":"node"}
{"duration":"313ms","level":"info","message":"Request completed","method":"GET","requestId":"fcbc2066-bc20-432e-a6cb-ab1ce343324e","responseSize":195,"service":"violette-backend","statusCode":200,"timestamp":"2025-06-08T00:00:53.326Z","url":"/network-status","userId":"anon_de0dc413-64b5-44da-bcec-b7dbfb7ca758"}
{"ip":"::1","level":"info","message":"Incoming request","method":"GET","service":"violette-backend","timestamp":"2025-06-08T00:02:13.239Z","url":"/health","userAgent":"node"}
{"duration":"276ms","level":"info","message":"Request completed","method":"GET","responseSize":106,"service":"violette-backend","statusCode":200,"timestamp":"2025-06-08T00:02:13.515Z","url":"/health"}
{"ip":"::1","level":"info","message":"Incoming request","method":"POST","service":"violette-backend","timestamp":"2025-06-08T00:02:19.490Z","url":"/api/auth/anonymous","userAgent":"node"}
{"duration":"59ms","level":"info","message":"Request completed","method":"POST","responseSize":533,"service":"violette-backend","statusCode":201,"timestamp":"2025-06-08T00:02:19.549Z","url":"/anonymous"}
{"ip":"::1","level":"info","message":"Incoming request","method":"POST","service":"violette-backend","timestamp":"2025-06-08T00:02:19.553Z","url":"/api/blockchain/create-merkle-tree","userAgent":"node"}
{"duration":"58ms","level":"error","message":"Request completed with error","method":"POST","requestId":"d499dfdc-70ea-4330-8343-a9e688081708","responseSize":160,"service":"violette-backend","statusCode":500,"timestamp":"2025-06-08T00:02:19.611Z","url":"/api/blockchain/create-merkle-tree","userId":"anon_57088188-d0a3-465b-b604-21c76dfb5678"}
{"ip":"::1","level":"info","message":"Incoming request","method":"GET","service":"violette-backend","timestamp":"2025-06-08T00:02:19.613Z","url":"/api/blockchain/network-status","userAgent":"node"}
{"duration":"313ms","level":"info","message":"Request completed","method":"GET","requestId":"a0573d6b-205d-468c-a51d-eef14dde9bc9","responseSize":195,"service":"violette-backend","statusCode":200,"timestamp":"2025-06-08T00:02:19.926Z","url":"/network-status","userId":"anon_57088188-d0a3-465b-b604-21c76dfb5678"}
{"ip":"::1","level":"info","message":"Incoming request","method":"GET","service":"violette-backend","timestamp":"2025-06-08T00:02:52.703Z","url":"/health","userAgent":"node"}
{"duration":"269ms","level":"info","message":"Request completed","method":"GET","responseSize":106,"service":"violette-backend","statusCode":200,"timestamp":"2025-06-08T00:02:52.973Z","url":"/health"}
{"ip":"::1","level":"info","message":"Incoming request","method":"POST","service":"violette-backend","timestamp":"2025-06-08T00:03:00.283Z","url":"/api/auth/anonymous","userAgent":"node"}
{"duration":"55ms","level":"info","message":"Request completed","method":"POST","responseSize":533,"service":"violette-backend","statusCode":201,"timestamp":"2025-06-08T00:03:00.338Z","url":"/anonymous"}
{"ip":"::1","level":"info","message":"Incoming request","method":"POST","service":"violette-backend","timestamp":"2025-06-08T00:03:00.342Z","url":"/api/blockchain/create-merkle-tree","userAgent":"node"}
{"duration":"25ms","level":"error","message":"Request completed with error","method":"POST","requestId":"77afa47d-5d69-4760-807a-3253c0971a02","responseSize":160,"service":"violette-backend","statusCode":500,"timestamp":"2025-06-08T00:03:00.367Z","url":"/api/blockchain/create-merkle-tree","userId":"anon_aa1b5023-3fde-4bc5-a0ad-f6e34dc82349"}
{"ip":"::1","level":"info","message":"Incoming request","method":"GET","service":"violette-backend","timestamp":"2025-06-08T00:03:00.368Z","url":"/api/blockchain/network-status","userAgent":"node"}
{"duration":"315ms","level":"info","message":"Request completed","method":"GET","requestId":"310f4b64-49dc-44a3-b58c-ccb9bcb750e7","responseSize":195,"service":"violette-backend","statusCode":200,"timestamp":"2025-06-08T00:03:00.683Z","url":"/network-status","userId":"anon_aa1b5023-3fde-4bc5-a0ad-f6e34dc82349"}
{"ip":"::1","level":"info","message":"Incoming request","method":"GET","service":"violette-backend","timestamp":"2025-06-08T00:03:48.242Z","url":"/health","userAgent":"node"}
{"duration":"1788ms","level":"info","message":"Request completed","method":"GET","responseSize":106,"service":"violette-backend","statusCode":200,"timestamp":"2025-06-08T00:03:50.030Z","url":"/health"}
{"ip":"::1","level":"info","message":"Incoming request","method":"POST","service":"violette-backend","timestamp":"2025-06-08T00:03:56.941Z","url":"/api/auth/anonymous","userAgent":"node"}
{"duration":"66ms","level":"info","message":"Request completed","method":"POST","responseSize":533,"service":"violette-backend","statusCode":201,"timestamp":"2025-06-08T00:03:57.007Z","url":"/anonymous"}
{"ip":"::1","level":"info","message":"Incoming request","method":"POST","service":"violette-backend","timestamp":"2025-06-08T00:03:57.013Z","url":"/api/blockchain/create-merkle-tree","userAgent":"node"}
{"duration":"62ms","level":"error","message":"Request completed with error","method":"POST","requestId":"fd3f3dfe-1c1c-4445-9a03-245fdaabda16","responseSize":137,"service":"violette-backend","statusCode":500,"timestamp":"2025-06-08T00:03:57.074Z","url":"/api/blockchain/create-merkle-tree","userId":"anon_10876a68-bc87-4fc0-8c73-6908a8be45d0"}
{"ip":"::1","level":"info","message":"Incoming request","method":"GET","service":"violette-backend","timestamp":"2025-06-08T00:03:57.076Z","url":"/api/blockchain/network-status","userAgent":"node"}
{"duration":"306ms","level":"info","message":"Request completed","method":"GET","requestId":"3265185c-74d3-4d5c-a04a-d4884fad1cd9","responseSize":195,"service":"violette-backend","statusCode":200,"timestamp":"2025-06-08T00:03:57.382Z","url":"/network-status","userId":"anon_10876a68-bc87-4fc0-8c73-6908a8be45d0"}
{"ip":"::1","level":"info","message":"Incoming request","method":"POST","service":"violette-backend","timestamp":"2025-06-08T00:04:14.863Z","url":"/api/auth/anonymous","userAgent":"curl/8.7.1"}
{"duration":"70ms","level":"info","message":"Request completed","method":"POST","responseSize":533,"service":"violette-backend","statusCode":201,"timestamp":"2025-06-08T00:04:14.933Z","url":"/anonymous"}
{"ip":"::1","level":"info","message":"Incoming request","method":"POST","service":"violette-backend","timestamp":"2025-06-08T00:04:14.944Z","url":"/api/blockchain/create-merkle-tree","userAgent":"curl/8.7.1"}
{"duration":"54ms","level":"info","message":"Request completed","method":"POST","requestId":"6f657e4d-272b-4e25-ac6a-e133951ea7b2","responseSize":511,"service":"violette-backend","statusCode":200,"timestamp":"2025-06-08T00:04:14.998Z","url":"/create-merkle-tree","userId":"anon_f35b0406-7957-4eb4-bec8-af44aa88092f"}
{"ip":"::1","level":"info","message":"Incoming request","method":"POST","service":"violette-backend","timestamp":"2025-06-08T00:04:28.318Z","url":"/api/auth/anonymous","userAgent":"node"}
{"duration":"58ms","level":"info","message":"Request completed","method":"POST","responseSize":533,"service":"violette-backend","statusCode":201,"timestamp":"2025-06-08T00:04:28.376Z","url":"/anonymous"}
{"ip":"::1","level":"info","message":"Incoming request","method":"GET","service":"violette-backend","timestamp":"2025-06-08T00:10:00.126Z","url":"/health","userAgent":"curl/8.7.1"}
{"duration":"2003ms","level":"info","message":"Request completed","method":"GET","responseSize":106,"service":"violette-backend","statusCode":200,"timestamp":"2025-06-08T00:10:02.129Z","url":"/health"}
{"ip":"::1","level":"info","message":"Incoming request","method":"POST","service":"violette-backend","timestamp":"2025-06-08T00:10:10.073Z","url":"/api/auth/anonymous","userAgent":"node"}
{"duration":"293ms","level":"info","message":"Request completed","method":"POST","responseSize":532,"service":"violette-backend","statusCode":201,"timestamp":"2025-06-08T00:10:10.366Z","url":"/anonymous"}
{"ip":"::1","level":"info","message":"Incoming request","method":"GET","service":"violette-backend","timestamp":"2025-06-08T00:10:10.382Z","url":"/api/blockchain/network-status","userAgent":"node"}
{"duration":"1579ms","level":"info","message":"Request completed","method":"GET","requestId":"8b15f0c9-3ce2-4444-b78f-489c4e43d327","responseSize":195,"service":"violette-backend","statusCode":200,"timestamp":"2025-06-08T00:10:11.960Z","url":"/network-status","userId":"anon_0f9a179d-ee93-410d-9e74-0f061fb573ac"}
{"ip":"::1","level":"info","message":"Incoming request","method":"POST","service":"violette-backend","timestamp":"2025-06-08T00:10:11.967Z","url":"/api/blockchain/create-did","userAgent":"node"}
{"duration":"42ms","level":"error","message":"Request completed with error","method":"POST","requestId":"6845b623-8cea-4c79-8c14-df6e2500bf25","responseSize":111,"service":"violette-backend","statusCode":403,"timestamp":"2025-06-08T00:10:12.009Z","url":"/create-did","userId":"anon_0f9a179d-ee93-410d-9e74-0f061fb573ac"}
{"ip":"::1","level":"info","message":"Incoming request","method":"POST","service":"violette-backend","timestamp":"2025-06-08T00:10:43.764Z","url":"/api/auth/anonymous","userAgent":"node"}
{"duration":"303ms","level":"info","message":"Request completed","method":"POST","responseSize":563,"service":"violette-backend","statusCode":201,"timestamp":"2025-06-08T00:10:44.067Z","url":"/anonymous"}
{"ip":"::1","level":"info","message":"Incoming request","method":"GET","service":"violette-backend","timestamp":"2025-06-08T00:10:44.075Z","url":"/api/blockchain/network-status","userAgent":"node"}
{"duration":"1952ms","level":"info","message":"Request completed","method":"GET","requestId":"73cc9e99-ae6a-47d3-a17c-5e5945591cb2","responseSize":195,"service":"violette-backend","statusCode":200,"timestamp":"2025-06-08T00:10:46.027Z","url":"/network-status","userId":"anon_966530f9-e6a5-42a2-af8f-21dc112c806d"}
{"ip":"::1","level":"info","message":"Incoming request","method":"POST","service":"violette-backend","timestamp":"2025-06-08T00:10:46.032Z","url":"/api/blockchain/create-did","userAgent":"node"}
{"duration":"9860ms","level":"error","message":"Request completed with error","method":"POST","requestId":"866a2af3-f147-4e93-8799-ed146daf8914","responseSize":157,"service":"violette-backend","statusCode":400,"timestamp":"2025-06-08T00:10:55.892Z","url":"/create-did","userId":"anon_966530f9-e6a5-42a2-af8f-21dc112c806d"}
{"ip":"::1","level":"info","message":"Incoming request","method":"POST","service":"violette-backend","timestamp":"2025-06-08T00:11:42.849Z","url":"/api/auth/anonymous","userAgent":"node"}
{"duration":"311ms","level":"info","message":"Request completed","method":"POST","responseSize":563,"service":"violette-backend","statusCode":201,"timestamp":"2025-06-08T00:11:43.160Z","url":"/anonymous"}
{"ip":"::1","level":"info","message":"Incoming request","method":"GET","service":"violette-backend","timestamp":"2025-06-08T00:11:43.169Z","url":"/api/blockchain/network-status","userAgent":"node"}
{"duration":"1670ms","level":"info","message":"Request completed","method":"GET","requestId":"05267537-fe8a-4287-8985-85cd9fe173d4","responseSize":195,"service":"violette-backend","statusCode":200,"timestamp":"2025-06-08T00:11:44.839Z","url":"/network-status","userId":"anon_e1f0e656-07f8-4dbb-b2aa-39b23d413187"}
{"ip":"::1","level":"info","message":"Incoming request","method":"POST","service":"violette-backend","timestamp":"2025-06-08T00:11:44.845Z","url":"/api/blockchain/create-did","userAgent":"node"}
{"duration":"13701ms","level":"info","message":"Request completed","method":"POST","requestId":"208d8917-0fa8-480b-aab9-929cf61eb980","responseSize":358,"service":"violette-backend","statusCode":201,"timestamp":"2025-06-08T00:11:58.545Z","url":"/create-did","userId":"anon_e1f0e656-07f8-4dbb-b2aa-39b23d413187"}
{"ip":"::1","level":"info","message":"Incoming request","method":"GET","service":"violette-backend","timestamp":"2025-06-08T00:11:58.552Z","url":"/api/blockchain/resolve-did/did:xrpl:rfJYp9xfKSxgx7ANF73ULqt1WbZrJ6eSJw:1d61366f-8e3a-4122-a577-dfbe23341da1","userAgent":"node"}
{"duration":"108ms","level":"error","message":"Request completed with error","method":"GET","requestId":"3a2bf6fa-d2ec-49d4-9671-8826c134aae2","responseSize":131,"service":"violette-backend","statusCode":404,"timestamp":"2025-06-08T00:11:58.660Z","url":"/resolve-did/did:xrpl:rfJYp9xfKSxgx7ANF73ULqt1WbZrJ6eSJw:1d61366f-8e3a-4122-a577-dfbe23341da1","userId":"anon_e1f0e656-07f8-4dbb-b2aa-39b23d413187"}
{"ip":"::1","level":"info","message":"Incoming request","method":"POST","service":"violette-backend","timestamp":"2025-06-08T00:11:58.662Z","url":"/api/blockchain/create-merkle-tree","userAgent":"node"}
{"duration":"40ms","level":"info","message":"Request completed","method":"POST","requestId":"1ac6ae67-cc69-4dae-9626-f97cf726277e","responseSize":511,"service":"violette-backend","statusCode":200,"timestamp":"2025-06-08T00:11:58.702Z","url":"/create-merkle-tree","userId":"anon_e1f0e656-07f8-4dbb-b2aa-39b23d413187"}
{"ip":"::1","level":"info","message":"Incoming request","method":"POST","service":"violette-backend","timestamp":"2025-06-08T00:22:22.640Z","url":"/api/auth/anonymous","userAgent":"node"}
{"duration":"395ms","level":"info","message":"Request completed","method":"POST","responseSize":563,"service":"violette-backend","statusCode":201,"timestamp":"2025-06-08T00:22:23.035Z","url":"/anonymous"}
{"ip":"::1","level":"info","message":"Incoming request","method":"GET","service":"violette-backend","timestamp":"2025-06-08T00:22:23.045Z","url":"/api/entries","userAgent":"node"}
{"duration":"1ms","level":"error","message":"Request completed with error","method":"GET","responseSize":121,"service":"violette-backend","statusCode":404,"timestamp":"2025-06-08T00:22:23.046Z","url":"/api/entries"}
{"ip":"::1","level":"info","message":"Incoming request","method":"GET","service":"violette-backend","timestamp":"2025-06-08T00:22:23.048Z","url":"/health","userAgent":"node"}
{"duration":"1834ms","level":"info","message":"Request completed","method":"GET","responseSize":106,"service":"violette-backend","statusCode":200,"timestamp":"2025-06-08T00:22:24.882Z","url":"/health"}
{"ip":"::1","level":"info","message":"Incoming request","method":"GET","service":"violette-backend","timestamp":"2025-06-08T00:22:24.893Z","url":"/api/blockchain/network-status","userAgent":"node"}
{"duration":"306ms","level":"info","message":"Request completed","method":"GET","requestId":"6a3ce52d-0581-4608-a654-d4f128e5c2cc","responseSize":195,"service":"violette-backend","statusCode":200,"timestamp":"2025-06-08T00:22:25.199Z","url":"/network-status","userId":"anon_d15a884e-1988-4e6b-80fb-60d91199d91d"}
{"ip":"::1","level":"info","message":"Incoming request","method":"POST","service":"violette-backend","timestamp":"2025-06-08T00:23:38.620Z","url":"/api/auth/anonymous","userAgent":"node"}
{"duration":"98ms","level":"info","message":"Request completed","method":"POST","responseSize":563,"service":"violette-backend","statusCode":201,"timestamp":"2025-06-08T00:23:38.718Z","url":"/anonymous"}
{"ip":"::1","level":"info","message":"Incoming request","method":"POST","service":"violette-backend","timestamp":"2025-06-08T00:25:53.960Z","url":"/api/auth/anonymous","userAgent":"node"}
{"duration":"60ms","level":"info","message":"Request completed","method":"POST","responseSize":563,"service":"violette-backend","statusCode":201,"timestamp":"2025-06-08T00:25:54.020Z","url":"/anonymous"}
{"ip":"::1","level":"info","message":"Incoming request","method":"POST","service":"violette-backend","timestamp":"2025-06-08T00:26:51.808Z","url":"/api/auth/anonymous","userAgent":"node"}
{"duration":"66ms","level":"info","message":"Request completed","method":"POST","responseSize":563,"service":"violette-backend","statusCode":201,"timestamp":"2025-06-08T00:26:51.874Z","url":"/anonymous"}
{"ip":"::1","level":"info","message":"Incoming request","method":"POST","service":"violette-backend","timestamp":"2025-06-08T00:27:49.999Z","url":"/api/auth/anonymous","userAgent":"node"}
{"duration":"107ms","level":"info","message":"Request completed","method":"POST","responseSize":555,"service":"violette-backend","statusCode":201,"timestamp":"2025-06-08T00:27:50.106Z","url":"/anonymous"}
{"ip":"::1","level":"info","message":"Incoming request","method":"POST","service":"violette-backend","timestamp":"2025-06-08T00:28:03.385Z","url":"/api/entries","userAgent":"node"}
{"duration":"1ms","level":"error","message":"Request completed with error","method":"POST","responseSize":122,"service":"violette-backend","statusCode":404,"timestamp":"2025-06-08T00:28:03.386Z","url":"/api/entries"}
{"ip":"::1","level":"info","message":"Incoming request","method":"POST","service":"violette-backend","timestamp":"2025-06-08T00:28:22.239Z","url":"/api/auth/anonymous","userAgent":"curl/8.7.1"}
{"duration":"67ms","level":"info","message":"Request completed","method":"POST","responseSize":563,"service":"violette-backend","statusCode":201,"timestamp":"2025-06-08T00:28:22.306Z","url":"/anonymous"}
{"ip":"::1","level":"info","message":"Incoming request","method":"GET","service":"violette-backend","timestamp":"2025-06-08T00:28:22.316Z","url":"/api/entries","userAgent":"curl/8.7.1"}
{"duration":"0ms","level":"error","message":"Request completed with error","method":"GET","responseSize":121,"service":"violette-backend","statusCode":404,"timestamp":"2025-06-08T00:28:22.316Z","url":"/api/entries"}
{"ip":"::1","level":"info","message":"Incoming request","method":"GET","service":"violette-backend","timestamp":"2025-06-08T00:31:59.000Z","url":"/health","userAgent":"curl/8.7.1"}
{"duration":"1958ms","level":"info","message":"Request completed","method":"GET","responseSize":106,"service":"violette-backend","statusCode":200,"timestamp":"2025-06-08T00:32:00.958Z","url":"/health"}
{"ip":"::1","level":"info","message":"Incoming request","method":"POST","service":"violette-backend","timestamp":"2025-06-08T00:32:10.536Z","url":"/api/auth/anonymous","userAgent":"node"}
{"duration":"115ms","level":"info","message":"Request completed","method":"POST","responseSize":563,"service":"violette-backend","statusCode":201,"timestamp":"2025-06-08T00:32:10.651Z","url":"/anonymous"}
{"ip":"::1","level":"info","message":"Incoming request","method":"POST","service":"violette-backend","timestamp":"2025-06-08T00:32:24.686Z","url":"/api/entries","userAgent":"node"}
{"duration":"273ms","level":"info","message":"Request completed","method":"POST","requestId":"d84724d4-51cf-4967-a1e4-da0a88234856","responseSize":296668,"service":"violette-backend","statusCode":201,"timestamp":"2025-06-08T00:32:24.961Z","url":"/","userId":"anon_fff23c74-375f-4f79-8205-9840dd988009"}
{"ip":"::1","level":"info","message":"Incoming request","method":"POST","service":"violette-backend","timestamp":"2025-06-08T00:32:24.977Z","url":"/api/blockchain/create-did","userAgent":"node"}
{"duration":"15435ms","level":"info","message":"Request completed","method":"POST","requestId":"6f64a576-8943-4aaa-bf4f-fdefd265414b","responseSize":356,"service":"violette-backend","statusCode":201,"timestamp":"2025-06-08T00:32:40.412Z","url":"/create-did","userId":"anon_fff23c74-375f-4f79-8205-9840dd988009"}
{"ip":"::1","level":"info","message":"Incoming request","method":"POST","service":"violette-backend","timestamp":"2025-06-08T00:32:40.421Z","url":"/api/blockchain/create-merkle-tree","userAgent":"node"}
{"duration":"48ms","level":"info","message":"Request completed","method":"POST","requestId":"750edc2a-0c46-4769-98da-6ba7d900a450","responseSize":511,"service":"violette-backend","statusCode":200,"timestamp":"2025-06-08T00:32:40.469Z","url":"/create-merkle-tree","userId":"anon_fff23c74-375f-4f79-8205-9840dd988009"}
{"ip":"::1","level":"info","message":"Incoming request","method":"POST","service":"violette-backend","timestamp":"2025-06-08T00:32:40.472Z","url":"/api/blockchain/store-merkle-nft","userAgent":"node"}
{"duration":"166ms","level":"error","message":"Request completed with error","method":"POST","requestId":"da361038-3a6e-4515-972c-26db4cd36c82","responseSize":131,"service":"violette-backend","statusCode":400,"timestamp":"2025-06-08T00:32:40.638Z","url":"/store-merkle-nft","userId":"anon_fff23c74-375f-4f79-8205-9840dd988009"}
{"ip":"::1","level":"info","message":"Incoming request","method":"GET","service":"violette-backend","timestamp":"2025-06-08T00:32:40.641Z","url":"/api/entries/KJgPBJMtEEJfGccXTJFk","userAgent":"node"}
{"duration":"135ms","level":"info","message":"Request completed","method":"GET","requestId":"965130f2-ee24-4e1f-826b-32114bcaa41e","responseSize":296712,"service":"violette-backend","statusCode":200,"timestamp":"2025-06-08T00:32:40.777Z","url":"/KJgPBJMtEEJfGccXTJFk","userId":"anon_fff23c74-375f-4f79-8205-9840dd988009"}
{"ip":"::1","level":"info","message":"Incoming request","method":"POST","service":"violette-backend","timestamp":"2025-06-08T00:34:19.449Z","url":"/api/auth/anonymous","userAgent":"curl/8.7.1"}
{"duration":"47ms","level":"info","message":"Request completed","method":"POST","responseSize":563,"service":"violette-backend","statusCode":201,"timestamp":"2025-06-08T00:34:19.496Z","url":"/anonymous"}
{"ip":"::1","level":"info","message":"Incoming request","method":"POST","service":"violette-backend","timestamp":"2025-06-08T00:34:19.588Z","url":"/api/blockchain/store-merkle-nft","userAgent":"curl/8.7.1"}
{"duration":"220ms","level":"error","message":"Request completed with error","method":"POST","requestId":"d301c6d8-d9a4-4d81-aedd-64ef0d37d1db","responseSize":131,"service":"violette-backend","statusCode":400,"timestamp":"2025-06-08T00:34:19.808Z","url":"/store-merkle-nft","userId":"anon_68668e8c-608a-4139-b236-fb436273cfc3"}
{"ip":"::1","level":"info","message":"Incoming request","method":"POST","service":"violette-backend","timestamp":"2025-06-08T00:34:52.649Z","url":"/api/auth/anonymous","userAgent":"node"}
{"duration":"292ms","level":"info","message":"Request completed","method":"POST","responseSize":563,"service":"violette-backend","statusCode":201,"timestamp":"2025-06-08T00:34:52.941Z","url":"/anonymous"}
{"ip":"::1","level":"info","message":"Incoming request","method":"POST","service":"violette-backend","timestamp":"2025-06-08T00:35:05.849Z","url":"/api/entries","userAgent":"node"}
{"duration":"172ms","level":"info","message":"Request completed","method":"POST","requestId":"4b6b9b6f-53ca-4fc2-8686-ac16be1ab25e","responseSize":296649,"service":"violette-backend","statusCode":201,"timestamp":"2025-06-08T00:35:06.022Z","url":"/","userId":"anon_5a46f04a-b8a0-476a-b53a-af9bf4b74d5c"}
{"ip":"::1","level":"info","message":"Incoming request","method":"POST","service":"violette-backend","timestamp":"2025-06-08T00:35:06.039Z","url":"/api/blockchain/create-did","userAgent":"node"}
{"duration":"14701ms","level":"info","message":"Request completed","method":"POST","requestId":"20d2254b-5787-457c-872c-6ccffa7baf2d","responseSize":358,"service":"violette-backend","statusCode":201,"timestamp":"2025-06-08T00:35:20.740Z","url":"/create-did","userId":"anon_5a46f04a-b8a0-476a-b53a-af9bf4b74d5c"}
{"ip":"::1","level":"info","message":"Incoming request","method":"POST","service":"violette-backend","timestamp":"2025-06-08T00:35:20.744Z","url":"/api/blockchain/create-merkle-tree","userAgent":"node"}
{"duration":"19ms","level":"info","message":"Request completed","method":"POST","requestId":"18050b69-aa60-4fed-bdd4-7358f6c16753","responseSize":511,"service":"violette-backend","statusCode":200,"timestamp":"2025-06-08T00:35:20.763Z","url":"/create-merkle-tree","userId":"anon_5a46f04a-b8a0-476a-b53a-af9bf4b74d5c"}
{"ip":"::1","level":"info","message":"Incoming request","method":"POST","service":"violette-backend","timestamp":"2025-06-08T00:35:20.766Z","url":"/api/blockchain/store-merkle-nft","userAgent":"node"}
{"duration":"96ms","level":"error","message":"Request completed with error","method":"POST","requestId":"d81d7bb3-d383-4c8c-bafa-edb0906d79bb","responseSize":208,"service":"violette-backend","statusCode":400,"timestamp":"2025-06-08T00:35:20.862Z","url":"/store-merkle-nft","userId":"anon_5a46f04a-b8a0-476a-b53a-af9bf4b74d5c"}
{"ip":"::1","level":"info","message":"Incoming request","method":"GET","service":"violette-backend","timestamp":"2025-06-08T00:35:20.864Z","url":"/api/entries/vhk2OqwvIBlSWjisR2fk","userAgent":"node"}
{"duration":"118ms","level":"info","message":"Request completed","method":"GET","requestId":"d7d5ad79-f47d-4e30-8a9b-f18855205e40","responseSize":296693,"service":"violette-backend","statusCode":200,"timestamp":"2025-06-08T00:35:20.983Z","url":"/vhk2OqwvIBlSWjisR2fk","userId":"anon_5a46f04a-b8a0-476a-b53a-af9bf4b74d5c"}
{"ip":"::1","level":"info","message":"Incoming request","method":"POST","service":"violette-backend","timestamp":"2025-06-08T00:35:33.168Z","url":"/api/auth/anonymous","userAgent":"curl/8.7.1"}
{"duration":"29ms","level":"info","message":"Request completed","method":"POST","responseSize":563,"service":"violette-backend","statusCode":201,"timestamp":"2025-06-08T00:35:33.197Z","url":"/anonymous"}
{"ip":"::1","level":"info","message":"Incoming request","method":"POST","service":"violette-backend","timestamp":"2025-06-08T00:35:33.208Z","url":"/api/blockchain/store-merkle-nft","userAgent":"curl/8.7.1"}
{"duration":"181ms","level":"error","message":"Request completed with error","method":"POST","requestId":"52e81eb3-07b8-427b-a369-81e10ba63210","responseSize":140,"service":"violette-backend","statusCode":400,"timestamp":"2025-06-08T00:35:33.389Z","url":"/store-merkle-nft","userId":"anon_bb94d5f0-5c76-4b3b-bdee-f233d0cd1448"}
{"ip":"::1","level":"info","message":"Incoming request","method":"POST","service":"violette-backend","timestamp":"2025-06-08T00:39:18.825Z","url":"/api/auth/anonymous","userAgent":"node"}
{"duration":"74ms","level":"info","message":"Request completed","method":"POST","responseSize":563,"service":"violette-backend","statusCode":201,"timestamp":"2025-06-08T00:39:18.899Z","url":"/anonymous"}
{"ip":"::1","level":"info","message":"Incoming request","method":"POST","service":"violette-backend","timestamp":"2025-06-08T00:39:34.906Z","url":"/api/entries","userAgent":"node"}
{"duration":"225ms","level":"info","message":"Request completed","method":"POST","requestId":"da50ee3b-194a-49f5-9a95-c1b55272c501","responseSize":296652,"service":"violette-backend","statusCode":201,"timestamp":"2025-06-08T00:39:35.133Z","url":"/","userId":"anon_e75da3f9-a74a-449c-bda7-80e60a4be90e"}
{"ip":"::1","level":"info","message":"Incoming request","method":"POST","service":"violette-backend","timestamp":"2025-06-08T00:39:35.150Z","url":"/api/blockchain/create-did","userAgent":"node"}
{"duration":"16022ms","level":"info","message":"Request completed","method":"POST","requestId":"942cd2a1-f41a-4874-a9fa-973d5c0f7186","responseSize":358,"service":"violette-backend","statusCode":201,"timestamp":"2025-06-08T00:39:51.172Z","url":"/create-did","userId":"anon_e75da3f9-a74a-449c-bda7-80e60a4be90e"}
{"ip":"::1","level":"info","message":"Incoming request","method":"POST","service":"violette-backend","timestamp":"2025-06-08T00:39:51.182Z","url":"/api/blockchain/create-merkle-tree","userAgent":"node"}
{"duration":"32ms","level":"info","message":"Request completed","method":"POST","requestId":"0b99a355-ac41-467a-8764-247af31f139f","responseSize":511,"service":"violette-backend","statusCode":200,"timestamp":"2025-06-08T00:39:51.214Z","url":"/create-merkle-tree","userId":"anon_e75da3f9-a74a-449c-bda7-80e60a4be90e"}
{"ip":"::1","level":"info","message":"Incoming request","method":"POST","service":"violette-backend","timestamp":"2025-06-08T00:39:51.217Z","url":"/api/blockchain/store-merkle-nft","userAgent":"node"}
{"duration":"137ms","level":"error","message":"Request completed with error","method":"POST","requestId":"710405bf-efb3-4a32-aee2-b35f0e03c898","responseSize":208,"service":"violette-backend","statusCode":400,"timestamp":"2025-06-08T00:39:51.354Z","url":"/store-merkle-nft","userId":"anon_e75da3f9-a74a-449c-bda7-80e60a4be90e"}
{"ip":"::1","level":"info","message":"Incoming request","method":"GET","service":"violette-backend","timestamp":"2025-06-08T00:39:51.355Z","url":"/api/entries/sZSuFUdoutgolw5yVGXf","userAgent":"node"}
{"duration":"150ms","level":"info","message":"Request completed","method":"GET","requestId":"36640512-beb2-453a-b7e3-ef3a62467eb8","responseSize":296696,"service":"violette-backend","statusCode":200,"timestamp":"2025-06-08T00:39:51.506Z","url":"/sZSuFUdoutgolw5yVGXf","userId":"anon_e75da3f9-a74a-449c-bda7-80e60a4be90e"}
{"ip":"::1","level":"info","message":"Incoming request","method":"POST","service":"violette-backend","timestamp":"2025-06-08T00:40:53.336Z","url":"/api/auth/anonymous","userAgent":"node"}
{"duration":"346ms","level":"info","message":"Request completed","method":"POST","responseSize":563,"service":"violette-backend","statusCode":201,"timestamp":"2025-06-08T00:40:53.682Z","url":"/anonymous"}
{"ip":"::1","level":"info","message":"Incoming request","method":"POST","service":"violette-backend","timestamp":"2025-06-08T00:41:07.452Z","url":"/api/entries","userAgent":"node"}
{"duration":"267ms","level":"info","message":"Request completed","method":"POST","requestId":"51937aeb-19b9-4be8-a337-9fff0c5341b4","responseSize":296732,"service":"violette-backend","statusCode":201,"timestamp":"2025-06-08T00:41:07.720Z","url":"/","userId":"anon_feaf6ff3-803d-44ef-9fca-d6f5507cc923"}
{"ip":"::1","level":"info","message":"Incoming request","method":"POST","service":"violette-backend","timestamp":"2025-06-08T00:41:07.738Z","url":"/api/blockchain/create-did","userAgent":"node"}
{"duration":"16272ms","level":"info","message":"Request completed","method":"POST","requestId":"cb4a110f-b06b-431f-bfb0-31202bbe4fa7","responseSize":358,"service":"violette-backend","statusCode":201,"timestamp":"2025-06-08T00:41:24.010Z","url":"/create-did","userId":"anon_feaf6ff3-803d-44ef-9fca-d6f5507cc923"}
{"ip":"::1","level":"info","message":"Incoming request","method":"POST","service":"violette-backend","timestamp":"2025-06-08T00:41:24.023Z","url":"/api/blockchain/create-merkle-tree","userAgent":"node"}
{"duration":"106ms","level":"info","message":"Request completed","method":"POST","requestId":"15445496-424b-4428-9694-f581ee924481","responseSize":511,"service":"violette-backend","statusCode":200,"timestamp":"2025-06-08T00:41:24.129Z","url":"/create-merkle-tree","userId":"anon_feaf6ff3-803d-44ef-9fca-d6f5507cc923"}
{"ip":"::1","level":"info","message":"Incoming request","method":"POST","service":"violette-backend","timestamp":"2025-06-08T00:41:24.134Z","url":"/api/blockchain/store-merkle-nft","userAgent":"node"}
{"duration":"15288ms","level":"info","message":"Request completed","method":"POST","requestId":"200b126d-df1d-45ba-b052-6fdf76d9064a","responseSize":387,"service":"violette-backend","statusCode":200,"timestamp":"2025-06-08T00:41:39.422Z","url":"/store-merkle-nft","userId":"anon_feaf6ff3-803d-44ef-9fca-d6f5507cc923"}
{"ip":"::1","level":"info","message":"Incoming request","method":"GET","service":"violette-backend","timestamp":"2025-06-08T00:41:40.518Z","url":"/api/entries/rlktofGF3UxmhyfM5NUW","userAgent":"node"}
{"duration":"148ms","level":"info","message":"Request completed","method":"GET","requestId":"972264d3-0b8e-44c2-b238-773c18524dc4","responseSize":296776,"service":"violette-backend","statusCode":200,"timestamp":"2025-06-08T00:41:40.666Z","url":"/rlktofGF3UxmhyfM5NUW","userId":"anon_feaf6ff3-803d-44ef-9fca-d6f5507cc923"}
